Build started 12/14/2021 3:14:09 PM.
     1>Project "C:\Learn\Visual_studio\SDL2GAME\SDL2GAME\SDL2GAME.vcxproj" on node 2 (Build target(s)).
     1>ClCompile:
         C:\Program Files (x86)\Microsoft Visual Studio 11.0\VC\bin\CL.exe /c /ZI /nologo /W3 /WX- /Od /Oy- /D _MBCS /Gm /EHsc /RTC1 /MDd /GS /fp:precise /Zc:wchar_t /Zc:forScope /Fo"Debug\\" /Fd"Debug\vc110.pdb" /Gd /TP /analyze- /errorReport:prompt ThreatObject.cpp
         ThreatObject.cpp
     1>c:\learn\visual_studio\sdl2game\sdl2game\threatobject.cpp(43): warning C4244: '=' : conversion from 'float' to 'int', possible loss of data
     1>c:\learn\visual_studio\sdl2game\sdl2game\threatobject.cpp(44): warning C4244: '=' : conversion from 'float' to 'int', possible loss of data
     1>c:\learn\visual_studio\sdl2game\sdl2game\threatobject.cpp(59): warning C4305: '+=' : truncation from 'double' to 'float'
     1>c:\learn\visual_studio\sdl2game\sdl2game\threatobject.cpp(89): warning C4244: 'initializing' : conversion from 'float' to 'int', possible loss of data
     1>c:\learn\visual_studio\sdl2game\sdl2game\threatobject.cpp(90): warning C4244: 'initializing' : conversion from 'float' to 'int', possible loss of data
     1>c:\learn\visual_studio\sdl2game\sdl2game\threatobject.cpp(95): warning C4244: '=' : conversion from 'float' to 'int', possible loss of data
     1>c:\learn\visual_studio\sdl2game\sdl2game\threatobject.cpp(96): warning C4244: '=' : conversion from 'float' to 'int', possible loss of data
     1>c:\learn\visual_studio\sdl2game\sdl2game\threatobject.cpp(98): warning C4244: '=' : conversion from 'float' to 'int', possible loss of data
     1>c:\learn\visual_studio\sdl2game\sdl2game\threatobject.cpp(99): warning C4244: '=' : conversion from 'float' to 'int', possible loss of data
     1>c:\learn\visual_studio\sdl2game\sdl2game\threatobject.cpp(109): warning C4244: '=' : conversion from 'int' to 'float', possible loss of data
     1>c:\learn\visual_studio\sdl2game\sdl2game\threatobject.cpp(123): warning C4244: '=' : conversion from 'int' to 'float', possible loss of data
     1>c:\learn\visual_studio\sdl2game\sdl2game\threatobject.cpp(135): warning C4244: '=' : conversion from 'float' to 'int', possible loss of data
     1>c:\learn\visual_studio\sdl2game\sdl2game\threatobject.cpp(136): warning C4244: '=' : conversion from 'float' to 'int', possible loss of data
     1>c:\learn\visual_studio\sdl2game\sdl2game\threatobject.cpp(138): warning C4244: '=' : conversion from 'float' to 'int', possible loss of data
     1>c:\learn\visual_studio\sdl2game\sdl2game\threatobject.cpp(139): warning C4244: '=' : conversion from 'float' to 'int', possible loss of data
     1>c:\learn\visual_studio\sdl2game\sdl2game\threatobject.cpp(147): warning C4244: '=' : conversion from 'int' to 'float', possible loss of data
     1>c:\learn\visual_studio\sdl2game\sdl2game\threatobject.cpp(164): warning C4244: '=' : conversion from 'int' to 'float', possible loss of data
     1>c:\learn\visual_studio\sdl2game\sdl2game\threatobject.cpp(178): warning C4244: '=' : conversion from 'int' to 'float', possible loss of data
       Link:
         C:\Program Files (x86)\Microsoft Visual Studio 11.0\VC\bin\link.exe /ERRORREPORT:PROMPT /OUT:"C:\Learn\Visual_studio\SDL2GAME\Debug\SDL2GAME.exe" /INCREMENTAL /NOLOGO SDL2.lib SDL2main.lib SDL2_image.lib SDL2_mixer.lib SDL2_ttf.lib kernel32.lib user32.lib gdi32.lib winspool.lib comdlg32.lib advapi32.lib shell32.lib ole32.lib oleaut32.lib uuid.lib odbc32.lib odbccp32.lib /MANIFEST /MANIFESTUAC:"level='asInvoker' uiAccess='false'" /manifest:embed /DEBUG /PDB:"C:\Learn\Visual_studio\SDL2GAME\Debug\SDL2GAME.pdb" /TLBID:1 /ENTRY:"main" /DYNAMICBASE /NXCOMPAT /IMPLIB:"C:\Learn\Visual_studio\SDL2GAME\Debug\SDL2GAME.lib" /MACHINE:X86 Debug\BaseObject.obj
         Debug\BulletObject.obj
         Debug\GameMap.obj
         Debug\ipmTimer.obj
         Debug\main.obj
         Debug\MainObject.obj
         Debug\ThreatObject.obj
         SDL2GAME.vcxproj -> C:\Learn\Visual_studio\SDL2GAME\Debug\SDL2GAME.exe
     1>Done Building Project "C:\Learn\Visual_studio\SDL2GAME\SDL2GAME\SDL2GAME.vcxproj" (Build target(s)).

Build succeeded.

Time Elapsed 00:00:02.21
